<?xml version="1.0" encoding="UTF-8"?>
<!-- Generated by org.testng.reporters.JUnitXMLReporter -->
<testsuite hostname="LAPTOP-0IM9UDLM" ignored="0" name="Default test" tests="2" failures="0" timestamp="2021-06-10T13:17:24 EDT" time="10.565" errors="0">
  <testcase name="validatePageTitleTest" time="0.025" classname="com.GoogleSearch.qa.testcases.searchDucksTestcase"/>
  <testcase name="searchDucksTest" time="2.315" classname="com.GoogleSearch.qa.testcases.searchDucksTestcase"/>
</testsuite> <!-- Default test -->
